<?xml version="1.0" encoding="UTF-8"?>
<!-- Generated by org.testng.reporters.JUnitReportReporter -->
<testsuite hostname="Anoop" failures="0" tests="2" name="test.Indeedtest" time="0.090" errors="0" timestamp="2023-06-28T11:57:38 IST" skipped="0">
  <testcase classname="test.Indeedtest" name="test2" time="0.017"/>
  <system-out/>
  <testcase classname="test.Indeedtest" name="test1" time="0.073"/>
  <system-out/>
</testsuite> <!-- test.Indeedtest -->
