<?xml version="1.0" encoding="UTF-8"?>
<!-- Generated by org.testng.reporters.JUnitReportReporter -->
<testsuite hostname="Anoop" failures="0" tests="4" name="test.Indeedreviewtest" time="21.432" errors="0" timestamp="2023-06-30T12:15:54 IST" skipped="0">
  <testcase classname="test.Indeedreviewtest" name="validateTitle" time="0.013"/>
  <system-out/>
  <testcase classname="test.Indeedreviewtest" name="validateLinks" time="13.132"/>
  <system-out/>
  <testcase classname="test.Indeedreviewtest" name="validateButton" time="0.043"/>
  <system-out/>
  <testcase classname="test.Indeedreviewtest" name="validateFindCompany" time="8.244"/>
  <system-out/>
</testsuite> <!-- test.Indeedreviewtest -->
