<?xml version="1.0" encoding="UTF-8"?>
<!-- Generated by org.testng.reporters.JUnitReportReporter -->
<testsuite hostname="Anoop" failures="0" tests="5" name="test.Indeedhometest" time="43.454" errors="0" timestamp="2023-06-30T13:51:00 IST" skipped="0">
  <testcase classname="test.Indeedhometest" name="validateLogo" time="0.041"/>
  <system-out/>
  <testcase classname="test.Indeedhometest" name="validateTitle" time="0.008"/>
  <system-out/>
  <testcase classname="test.Indeedhometest" name="validateLinks" time="19.673"/>
  <system-out/>
  <testcase classname="test.Indeedhometest" name="validateButton" time="0.042"/>
  <system-out/>
  <testcase classname="test.Indeedhometest" name="validateFindJobs" time="23.690"/>
  <system-out/>
</testsuite> <!-- test.Indeedhometest -->
