<?xml version="1.0" encoding="UTF-8"?>
<!-- Generated by org.testng.reporters.JUnitReportReporter -->
<testsuite hostname="Anoop" failures="0" tests="5" name="test.Indeedsalarytest" time="42.924" errors="0" timestamp="2023-06-30T13:28:07 IST" skipped="0">
  <testcase classname="test.Indeedsalarytest" name="validateTitle" time="0.017"/>
  <system-out/>
  <testcase classname="test.Indeedsalarytest" name="validateLinks" time="30.746"/>
  <system-out/>
  <testcase classname="test.Indeedsalarytest" name="validateDropdown" time="2.479"/>
  <system-out/>
  <testcase classname="test.Indeedsalarytest" name="validateButton" time="0.059"/>
  <system-out/>
  <testcase classname="test.Indeedsalarytest" name="validateSalarySearch" time="9.623"/>
  <system-out/>
</testsuite> <!-- test.Indeedsalarytest -->
